Using pre-set license
Built from '2020.3/staging' branch; Version is '2020.3.26f1 (7298b473bc1a) revision 7510196'; Using compiler version '192528614'; Build Type 'Release'
OS: 'Windows 10  (10.0.18362) 64bit CoreSingleLanguage' Language: 'en' Physical Memory: 8074 MB
BatchMode: 1, IsHumanControllingUs: 0, StartBugReporterOnCrash: 0, Is64bit: 1, IsPro: 0

COMMAND LINE ARGUMENTS:
C:\Program Files\Unity\Hub\Editor\2020.3.26f1\Editor\Unity.exe
-adb2
-batchMode
-noUpm
-name
AssetImportWorker0
-projectPath
C:/Users/PASINDU/testProject/CourseWork
-logFile
Logs/AssetImportWorker0.log
-srvPort
63128
Successfully changed project path to: C:/Users/PASINDU/testProject/CourseWork
C:/Users/PASINDU/testProject/CourseWork
Using Asset Import Pipeline V2.
Refreshing native plugins compatible for Editor in 87.72 ms, found 2 plugins.
Preloading 0 native plugins for Editor in 0.00 ms.
Initialize engine version: 2020.3.26f1 (7298b473bc1a)
[Subsystems] Discovering subsystems at path C:/Program Files/Unity/Hub/Editor/2020.3.26f1/Editor/Data/Resources/UnitySubsystems
[Subsystems] Discovering subsystems at path C:/Users/PASINDU/testProject/CourseWork/Assets
GfxDevice: creating device client; threaded=0
Direct3D:
    Version:  Direct3D 11.0 [level 11.0]
    Renderer: NVIDIA GeForce MX130 (ID=0x174d)
    Vendor:   
    VRAM:     2010 MB
    Driver:   26.21.14.4614
Initialize mono
Mono path[0] = 'C:/Program Files/Unity/Hub/Editor/2020.3.26f1/Editor/Data/Managed'
Mono path[1] = 'C:/Program Files/Unity/Hub/Editor/2020.3.26f1/Editor/Data/MonoBleedingEdge/lib/mono/unityjit'
Mono config path = 'C:/Program Files/Unity/Hub/Editor/2020.3.26f1/Editor/Data/MonoBleedingEdge/etc'
Using monoOptions --debugger-agent=transport=dt_socket,embedding=1,server=y,suspend=n,address=127.0.0.1:56048
Begin MonoManager ReloadAssembly
Registering precompiled unity dll's ...
Register platform support module: C:/Program Files/Unity/Hub/Editor/2020.3.26f1/Editor/Data/PlaybackEngines/WindowsStandaloneSupport/UnityEditor.WindowsStandalone.Extensions.dll
Registered in 0.005679 seconds.
Native extension for WindowsStandalone target not found
Refreshing native plugins compatible for Editor in 82.23 ms, found 2 plugins.
Preloading 0 native plugins for Editor in 0.00 ms.
Mono: successfully reloaded assembly
- Completed reload, in  1.579 seconds
Domain Reload Profiling:
	ReloadAssembly (1580ms)
		BeginReloadAssembly (158ms)
			ExecutionOrderSort (0ms)
			DisableScriptedObjects (0ms)
			BackupInstance (0ms)
			ReleaseScriptingObjects (0ms)
			CreateAndSetChildDomain (2ms)
		EndReloadAssembly (1228ms)
			LoadAssemblies (150ms)
			RebuildTransferFunctionScriptingTraits (0ms)
			SetupTypeCache (437ms)
			ReleaseScriptCaches (0ms)
			RebuildScriptCaches (83ms)
			SetupLoadedEditorAssemblies (424ms)
				LogAssemblyErrors (0ms)
				InitializePlatformSupportModulesInManaged (12ms)
				SetLoadedEditorAssemblies (1ms)
				RefreshPlugins (82ms)
				BeforeProcessingInitializeOnLoad (41ms)
				ProcessInitializeOnLoadAttributes (210ms)
				ProcessInitializeOnLoadMethodAttributes (76ms)
				AfterProcessingInitializeOnLoad (0ms)
				EditorAssembliesLoaded (0ms)
			ExecutionOrderSort2 (0ms)
			AwakeInstancesAfterBackupRestoration (0ms)
Platform modules already initialized, skipping
Registering precompiled user dll's ...
Registered in 0.016276 seconds.
Begin MonoManager ReloadAssembly
Native extension for WindowsStandalone target not found
Refreshing native plugins compatible for Editor in 1.16 ms, found 2 plugins.
Preloading 0 native plugins for Editor in 0.00 ms.
Mono: successfully reloaded assembly
- Completed reload, in  2.762 seconds
Domain Reload Profiling:
	ReloadAssembly (2765ms)
		BeginReloadAssembly (399ms)
			ExecutionOrderSort (0ms)
			DisableScriptedObjects (12ms)
			BackupInstance (0ms)
			ReleaseScriptingObjects (0ms)
			CreateAndSetChildDomain (57ms)
		EndReloadAssembly (2198ms)
			LoadAssemblies (253ms)
			RebuildTransferFunctionScriptingTraits (0ms)
			SetupTypeCache (813ms)
			ReleaseScriptCaches (1ms)
			RebuildScriptCaches (122ms)
			SetupLoadedEditorAssemblies (777ms)
				LogAssemblyErrors (0ms)
				InitializePlatformSupportModulesInManaged (12ms)
				SetLoadedEditorAssemblies (1ms)
				RefreshPlugins (1ms)
				BeforeProcessingInitializeOnLoad (203ms)
				ProcessInitializeOnLoadAttributes (517ms)
				ProcessInitializeOnLoadMethodAttributes (24ms)
				AfterProcessingInitializeOnLoad (18ms)
				EditorAssembliesLoaded (1ms)
			ExecutionOrderSort2 (0ms)
			AwakeInstancesAfterBackupRestoration (16ms)
Platform modules already initialized, skipping
========================================================================
Worker process is ready to serve import requests
Launched and connected shader compiler UnityShaderCompiler.exe after 0.20 seconds
Refreshing native plugins compatible for Editor in 1.17 ms, found 2 plugins.
Preloading 0 native plugins for Editor in 0.00 ms.
Unloading 1514 Unused Serialized files (Serialized files now loaded: 0)
System memory in use before: 69.7 MB.
System memory in use after: 69.8 MB.

Unloading 20 unused Assets to reduce memory usage. Loaded Objects now: 1951.
Total: 8.494200 ms (FindLiveObjects: 0.661200 ms CreateObjectMapping: 0.266300 ms MarkObjects: 7.395700 ms  DeleteObjects: 0.167000 ms)

AssetImportParameters requested are different than current active one (requested -> active):
  custom:framework-win-MediaFoundation: 216162199b28c13a410421893ffa2e32 -> 
  custom:video-decoder-ogg-theora: a1e56fd34408186e4bbccfd4996cb3dc -> 
  custom:container-muxer-webm: aa71ff27fc2769a1b78a27578f13a17b -> 
  custom:container-demuxer-webm: 4f35f7cbe854078d1ac9338744f61a02 -> 
  custom:container-demuxer-ogg: 62fdf1f143b41e24485cea50d1cbac27 -> 
  custom:video-encoder-webm-vp8: eb34c28f22e8b96e1ab97ce403110664 -> 
  custom:video-decoder-webm-vp8: 9c59270c3fd7afecdb556c50c9e8de78 -> 
  custom:audio-decoder-ogg-vorbis: bf7c407c2cedff20999df2af8eb42d56 -> 
  custom:audio-encoder-webm-vorbis: bf7c407c2cedff20999df2af8eb42d56 -> 
========================================================================
Received Import Request.
  path: Assets/scripts/Terrain Generation/placeEnemies.cs
  artifactKey: Guid(16bc0cff38872384a9cb923b55084e76) Importer(815301076,1909f56bfc062723c751e8b465ee728b)
Start importing Assets/scripts/Terrain Generation/placeEnemies.cs using Guid(16bc0cff38872384a9cb923b55084e76) Importer(815301076,1909f56bfc062723c751e8b465ee728b)  -> (artifact id: '75022b806e092c52567767ea0975bae7') in 0.130813 seconds 
  Import took 0.171193 seconds .

========================================================================
Received Import Request.
  Time since last request: 0.255990 seconds.
  path: Assets/scripts/Terrain Generation/visualizeClusters.cs
  artifactKey: Guid(750449be272870243a25b34eef877d23) Importer(815301076,1909f56bfc062723c751e8b465ee728b)
Start importing Assets/scripts/Terrain Generation/visualizeClusters.cs using Guid(750449be272870243a25b34eef877d23) Importer(815301076,1909f56bfc062723c751e8b465ee728b)  -> (artifact id: '3e883809a3f9d7fa7663061a922822ed') in 0.006795 seconds 
  Import took 0.030978 seconds .

========================================================================
Received Import Request.
  Time since last request: 0.240233 seconds.
  path: Assets/scripts/Terrain Generation/pathFinding.cs
  artifactKey: Guid(11bd2b10bab4e7b43a87bff5109d4cc5) Importer(815301076,1909f56bfc062723c751e8b465ee728b)
Start importing Assets/scripts/Terrain Generation/pathFinding.cs using Guid(11bd2b10bab4e7b43a87bff5109d4cc5) Importer(815301076,1909f56bfc062723c751e8b465ee728b)  -> (artifact id: 'ac98e643511ef48a87d3af1c2ce4d590') in 0.006479 seconds 
  Import took 0.047762 seconds .

========================================================================
Received Import Request.
  Time since last request: 0.008239 seconds.
  path: Assets/Lowpoly Style/Free Rocks and Plants/Materials/MAT_MAIN.mat
  artifactKey: Guid(b218d35c8dc65164892039ea0aea3b4b) Importer(815301076,1909f56bfc062723c751e8b465ee728b)
Start importing Assets/Lowpoly Style/Free Rocks and Plants/Materials/MAT_MAIN.mat using Guid(b218d35c8dc65164892039ea0aea3b4b) Importer(815301076,1909f56bfc062723c751e8b465ee728b)  -> (artifact id: 'e8e44ce7c3bdc4dbf081d3be50f61f8a') in 0.536740 seconds 
  Import took 0.561593 seconds .

========================================================================
Received Import Request.
  Time since last request: 0.182626 seconds.
  path: Assets/scripts/Terrain Generation/clustering.cs
  artifactKey: Guid(96928127798f3814db734b3f3ddbebe4) Importer(815301076,1909f56bfc062723c751e8b465ee728b)
Start importing Assets/scripts/Terrain Generation/clustering.cs using Guid(96928127798f3814db734b3f3ddbebe4) Importer(815301076,1909f56bfc062723c751e8b465ee728b)  -> (artifact id: '8203e205245bb72483f80e2965cd2f4d') in 0.006753 seconds 
  Import took 0.014428 seconds .

========================================================================
Received Import Request.
  Time since last request: 0.443439 seconds.
  path: Assets/scripts/Terrain Generation/placeObjects.cs
  artifactKey: Guid(569a2cade9fff2844946f79c7ac2a6cf) Importer(815301076,1909f56bfc062723c751e8b465ee728b)
Start importing Assets/scripts/Terrain Generation/placeObjects.cs using Guid(569a2cade9fff2844946f79c7ac2a6cf) Importer(815301076,1909f56bfc062723c751e8b465ee728b)  -> (artifact id: 'ca4ab2a3efe0aac25b74dc3fb901be37') in 0.006815 seconds 
  Import took 0.054252 seconds .

========================================================================
Received Import Request.
  Time since last request: 0.323757 seconds.
  path: Assets/Lowpoly Style
  artifactKey: Guid(0a95a75a08dc2e14db256688fd779e1b) Importer(815301076,1909f56bfc062723c751e8b465ee728b)
Start importing Assets/Lowpoly Style using Guid(0a95a75a08dc2e14db256688fd779e1b) Importer(815301076,1909f56bfc062723c751e8b465ee728b)  -> (artifact id: '3d81e1e69e07dd0c9acfc2ab94733578') in 0.033797 seconds 
  Import took 0.070252 seconds .

========================================================================
Received Import Request.
  Time since last request: 0.765872 seconds.
  path: Assets/scripts/Terrain Generation/visualizePaths.cs
  artifactKey: Guid(48055147053958946bc91a8c88f16e31) Importer(815301076,1909f56bfc062723c751e8b465ee728b)
Start importing Assets/scripts/Terrain Generation/visualizePaths.cs using Guid(48055147053958946bc91a8c88f16e31) Importer(815301076,1909f56bfc062723c751e8b465ee728b)  -> (artifact id: '62ecc07be9861acb71d30b166665ad83') in 0.007096 seconds 
  Import took 0.047203 seconds .

========================================================================
Received Import Request.
  Time since last request: 0.066111 seconds.
  path: Assets/Scenes/experiment.unity
  artifactKey: Guid(b141b5651c4904241866010a243a856d) Importer(815301076,1909f56bfc062723c751e8b465ee728b)
Start importing Assets/Scenes/experiment.unity using Guid(b141b5651c4904241866010a243a856d) Importer(815301076,1909f56bfc062723c751e8b465ee728b)  -> (artifact id: 'efd38f2527bc375862f45040b96efaca') in 0.025659 seconds 
  Import took 0.033435 seconds .

========================================================================
Received Import Request.
  Time since last request: 0.051953 seconds.
  path: Assets/Lowpoly Style/Free Rocks and Plants/Materials
  artifactKey: Guid(85d3f7e8c968d9b4d824502df9e0b673) Importer(815301076,1909f56bfc062723c751e8b465ee728b)
Start importing Assets/Lowpoly Style/Free Rocks and Plants/Materials using Guid(85d3f7e8c968d9b4d824502df9e0b673) Importer(815301076,1909f56bfc062723c751e8b465ee728b)  -> (artifact id: '9b1542fc0c34b0f86b73a7cafed98ead') in 0.007260 seconds 
  Import took 0.015458 seconds .

========================================================================
Received Import Request.
  Time since last request: 0.394815 seconds.
  path: Assets/Lowpoly Style/Free Rocks and Plants/FBX
  artifactKey: Guid(4aeba5fb9dfe4e3418c94f0af285ef30) Importer(815301076,1909f56bfc062723c751e8b465ee728b)
Start importing Assets/Lowpoly Style/Free Rocks and Plants/FBX using Guid(4aeba5fb9dfe4e3418c94f0af285ef30) Importer(815301076,1909f56bfc062723c751e8b465ee728b)  -> (artifact id: 'fadf4ec8cea11bbe02e0ffdba696ea6d') in 0.012016 seconds 
  Import took 0.062470 seconds .

========================================================================
Received Import Request.
  Time since last request: 0.091616 seconds.
  path: Assets/scripts/Terrain Generation/tileGrid.cs
  artifactKey: Guid(f299825e76037dc4ebb98b45d8fce076) Importer(815301076,1909f56bfc062723c751e8b465ee728b)
Start importing Assets/scripts/Terrain Generation/tileGrid.cs using Guid(f299825e76037dc4ebb98b45d8fce076) Importer(815301076,1909f56bfc062723c751e8b465ee728b)  -> (artifact id: '22064b602825fe4138d8158ae644ee54') in 0.007085 seconds 
  Import took 0.033983 seconds .

AssetImportWorkerClient::OnTransportError - code=2 error=End of file
